<?xml version="1.0" encoding="UTF-8"?>
<!-- Generated by org.testng.reporters.JUnitReportReporter -->
<testsuite skipped="0" hostname="Laptop057" name="tests.AndroidTestCases" tests="2" failures="0" timestamp="20 Sep 2018 14:16:54 GMT" time="105.261" errors="0">
  <testcase name="GeneralTCNo2" time="47.593" classname="tests.AndroidTestCases"/>
  <testcase name="GeneralTCNo1" time="57.668" classname="tests.AndroidTestCases"/>
</testsuite> <!-- tests.AndroidTestCases -->
