<?xml version="1.0" encoding="UTF-8"?>
<!-- Generated by org.testng.reporters.JUnitReportReporter -->
<testsuite skipped="0" hostname="Mac-mini-020.local" name="tests.iOSTestCases" tests="3" failures="0" timestamp="03 Oct 2018 07:56:57 GMT" time="247.834" errors="0">
  <testcase name="SearchTabTCNo2" time="20.375" classname="tests.iOSTestCases"/>
  <testcase name="SearchTabTCNo4" time="207.765" classname="tests.iOSTestCases"/>
  <testcase name="SearchTabTCNo1" time="19.694" classname="tests.iOSTestCases"/>
</testsuite> <!-- tests.iOSTestCases -->
