<?xml version="1.0" encoding="UTF-8"?>
<!-- Generated by org.testng.reporters.JUnitReportReporter -->
<testsuite skipped="0" hostname="Laptop057" name="tests.AndroidTestCases" tests="1" failures="0" timestamp="16 Oct 2018 08:34:01 GMT" time="18.657" errors="0">
  <testcase name="BookMarkTCNo14" time="18.657" classname="tests.AndroidTestCases"/>
</testsuite> <!-- tests.AndroidTestCases -->
